<?xml version="1.0" encoding="UTF-8"?>
<!-- Generated by org.testng.reporters.JUnitReportReporter -->
<testsuite hostname="DESKTOP-JOQ27VL" failures="0" tests="1" name="test.com.itexps.IndeedTest" time="7.894" errors="0" timestamp="29 Sep 2023 02:36:21 GMT">
  <testcase classname="test.com.itexps.IndeedTest" name="testCase1" time="7.894"/>
</testsuite> <!-- test.com.itexps.IndeedTest -->
